TN:
SF:contracts/CUPToken.sol
DA:57,234
FN:57,CUPToken.constructor
FNDA:234,CUPToken.constructor
DA:58,234
DA:72,234
FN:72,CUPToken.initialize
FNDA:234,CUPToken.initialize
DA:73,234
DA:74,234
DA:75,234
DA:77,234
DA:96,180
FN:96,CUPToken.mint
FNDA:180,CUPToken.mint
DA:97,177
BRDA:97,0,0,1
DA:98,176
BRDA:98,1,0,1
DA:100,175
DA:101,175
DA:121,5
FN:121,CUPToken.burn
FNDA:5,CUPToken.burn
DA:122,4
BRDA:122,2,0,1
DA:123,3
BRDA:123,3,0,1
DA:124,2
BRDA:124,4,0,1
DA:126,1
DA:127,1
DA:137,216
FN:137,CUPToken.decimals
FNDA:216,CUPToken.decimals
DA:138,216
FNF:5
FNH:5
LF:20
LH:20
BRF:5
BRH:5
end_of_record
TN:
SF:contracts/CopperPriceConsumer.sol
DA:92,30
FN:92,CopperPriceConsumer.constructor
FNDA:30,CopperPriceConsumer.constructor
DA:93,30
BRDA:93,0,0,1
DA:94,29
BRDA:94,1,0,1
DA:95,28
BRDA:95,2,0,1
DA:98,27
DA:99,27
DA:102,27
DA:103,27
DA:104,27
DA:105,27
DA:108,27
DA:124,2
FN:124,CopperPriceConsumer.requestCopperPrice
FNDA:2,CopperPriceConsumer.requestCopperPrice
DA:125,2
DA:126,2
DA:127,2
DA:129,2
DA:130,0
DA:132,0
DA:145,2
FN:145,CopperPriceConsumer.fulfill
FNDA:2,CopperPriceConsumer.fulfill
DA:146,0
BRDA:146,3,0,-
DA:148,0
DA:149,0
DA:151,0
DA:164,4
FN:164,CopperPriceConsumer.setJobId
FNDA:4,CopperPriceConsumer.setJobId
DA:165,3
BRDA:165,4,0,1
DA:167,2
DA:169,2
DA:182,5
FN:182,CopperPriceConsumer.setFee
FNDA:5,CopperPriceConsumer.setFee
DA:183,4
BRDA:183,5,0,1
DA:184,3
BRDA:184,6,0,1
DA:186,2
DA:187,2
DA:200,5
FN:200,CopperPriceConsumer.setOracle
FNDA:5,CopperPriceConsumer.setOracle
DA:201,4
BRDA:201,7,0,1
DA:202,3
BRDA:202,8,0,1
DA:204,2
DA:205,2
DA:214,1
FN:214,CopperPriceConsumer.getPriceAsDecimal
FNDA:1,CopperPriceConsumer.getPriceAsDecimal
DA:215,1
DA:231,5
FN:231,CopperPriceConsumer.updatePrice
FNDA:5,CopperPriceConsumer.updatePrice
DA:232,4
BRDA:232,9,0,1
DA:234,3
DA:235,3
DA:237,3
FNF:8
FNH:8
LF:44
LH:38
BRF:10
BRH:9
end_of_record
TN:
SF:contracts/EpochManager.sol
DA:68,211
FN:68,EpochManager.constructor
FNDA:211,EpochManager.constructor
DA:69,211
DA:86,211
FN:86,EpochManager.initialize
FNDA:211,EpochManager.initialize
DA:87,211
BRDA:87,0,0,1
DA:88,210
BRDA:88,1,0,1
DA:90,209
DA:91,209
DA:92,209
DA:95,209
DA:96,209
DA:98,209
DA:117,16
FN:117,EpochManager.nextEpoch
FNDA:16,EpochManager.nextEpoch
DA:118,16
BRDA:118,2,0,1
DA:120,15
DA:121,15
DA:123,15
DA:133,49
FN:133,EpochManager.timeLeftInEpoch
FNDA:49,EpochManager.timeLeftInEpoch
DA:134,49
DA:135,49
BRDA:135,3,0,1
DA:136,1
DA:138,48
DA:148,81
FN:148,EpochManager.currentEpochId
FNDA:81,EpochManager.currentEpochId
DA:149,81
DA:158,6
FN:158,EpochManager.epochStart
FNDA:6,EpochManager.epochStart
DA:159,71
DA:168,6
FN:168,EpochManager.epochDuration
FNDA:6,EpochManager.epochDuration
DA:169,71
DA:187,10
FN:187,EpochManager.setEpochDuration
FNDA:10,EpochManager.setEpochDuration
DA:188,9
BRDA:188,4,0,2
DA:189,7
BRDA:189,5,0,2
DA:190,5
BRDA:190,6,0,1
DA:192,4
DA:193,4
DA:195,4
DA:207,3
FN:207,EpochManager.pause
FNDA:3,EpochManager.pause
DA:208,2
DA:219,1
FN:219,EpochManager.unpause
FNDA:1,EpochManager.unpause
DA:220,1
FNF:10
FNH:10
LF:38
LH:38
BRF:7
BRH:7
end_of_record
TN:
SF:contracts/HostAdapter.sol
DA:90,129
FN:90,HostAdapter.constructor
FNDA:129,HostAdapter.constructor
DA:91,129
DA:108,129
FN:108,HostAdapter.initialize
FNDA:129,HostAdapter.initialize
DA:109,129
BRDA:109,0,0,1
DA:111,128
DA:112,128
DA:114,128
DA:116,128
DA:117,128
DA:118,128
DA:127,2
FN:127,HostAdapter.zapper
FNDA:2,HostAdapter.zapper
DA:128,2
DA:151,13
FN:151,HostAdapter.registerExternalDepositFor
FNDA:13,HostAdapter.registerExternalDepositFor
DA:156,12
BRDA:156,1,0,1
DA:157,11
BRDA:157,2,0,1
DA:159,10
DA:161,10
DA:179,3
FN:179,HostAdapter.setDepositBeneficiary
FNDA:3,HostAdapter.setDepositBeneficiary
DA:180,2
BRDA:180,3,0,1
DA:183,1
DA:184,1
DA:186,1
DA:188,1
DA:208,4
FN:208,HostAdapter.approveExternalDepositWithPrice
FNDA:4,HostAdapter.approveExternalDepositWithPrice
DA:212,3
BRDA:212,4,0,1
DA:213,2
BRDA:213,5,0,1
DA:215,1
DA:217,1
DA:231,4
FN:231,HostAdapter.setZapper
FNDA:4,HostAdapter.setZapper
DA:232,3
BRDA:232,6,0,1
DA:233,2
BRDA:233,7,0,1
DA:235,1
DA:236,1
DA:238,1
FNF:7
FNH:7
LF:34
LH:34
BRF:8
BRH:8
end_of_record
TN:
SF:contracts/SettlementEngine.sol
DA:327,57
FN:327,SettlementEngine.constructor
FNDA:57,SettlementEngine.constructor
DA:328,57
DA:353,57
FN:353,SettlementEngine.initialize
FNDA:57,SettlementEngine.initialize
DA:362,57
BRDA:362,0,0,1
DA:363,56
BRDA:363,1,0,1
DA:364,55
BRDA:364,2,0,1
DA:365,54
BRDA:365,3,0,1
DA:366,53
BRDA:366,4,0,1
DA:367,52
BRDA:367,5,0,1
DA:368,51
BRDA:368,6,0,-
DA:370,51
DA:371,51
DA:372,51
DA:373,51
DA:376,51
DA:377,51
DA:379,51
DA:380,51
DA:381,51
DA:382,51
DA:383,51
DA:385,51
DA:387,51
DA:388,51
DA:407,5
FN:407,SettlementEngine.updateNAV
FNDA:5,SettlementEngine.updateNAV
DA:408,4
DA:412,4
DA:413,3
DA:416,3
DA:419,3
DA:420,3
DA:422,3
DA:449,10
FN:449,SettlementEngine.recordEpochRevenue
FNDA:10,SettlementEngine.recordEpochRevenue
DA:457,9
BRDA:457,7,0,1
DA:458,8
BRDA:458,8,0,1
DA:459,0
BRDA:459,9,0,-
DA:460,7
BRDA:460,10,0,-
DA:462,7
DA:473,7
DA:474,7
DA:492,3
FN:492,SettlementEngine.settleEpochRevenue
FNDA:3,SettlementEngine.settleEpochRevenue
DA:493,3
BRDA:493,11,0,1
DA:494,2
DA:495,2
BRDA:495,12,0,-
DA:496,0
BRDA:496,13,0,-
DA:497,2
BRDA:497,14,0,-
DA:500,2
DA:503,2
DA:523,1
FN:523,SettlementEngine.calculateEpochROI
FNDA:1,SettlementEngine.calculateEpochROI
DA:524,1
DA:525,1
BRDA:525,15,0,-
DA:527,1
BRDA:527,16,0,-
DA:529,0
DA:530,0
BRDA:530,17,0,-
DA:531,0
DA:544,3
FN:544,SettlementEngine.getEpochRevenue
FNDA:3,SettlementEngine.getEpochRevenue
DA:545,3
DA:563,1
FN:563,SettlementEngine.getNAVSummary
FNDA:1,SettlementEngine.getNAVSummary
DA:565,1
DA:566,1
DA:569,1
DA:574,1
DA:575,1
DA:585,1
FN:585,SettlementEngine.getCurrentEpochRevenue
FNDA:1,SettlementEngine.getCurrentEpochRevenue
DA:586,1
DA:599,4
FN:599,SettlementEngine.advanceEpoch
FNDA:4,SettlementEngine.advanceEpoch
DA:600,3
DA:603,3
DA:604,3
BRDA:604,18,0,3
DA:605,3
DA:622,2
FN:622,SettlementEngine.getCopperProcessingEfficiency
FNDA:2,SettlementEngine.getCopperProcessingEfficiency
DA:623,2
DA:624,2
BRDA:624,19,0,1
DA:626,1
BRDA:626,20,0,1
DA:628,1
DA:649,2
FN:649,SettlementEngine.getProfitMargin
FNDA:2,SettlementEngine.getProfitMargin
DA:650,2
DA:651,2
BRDA:651,21,0,1
DA:653,1
BRDA:653,22,0,1
DA:654,1
DA:655,1
BRDA:655,23,0,1
DA:656,1
DA:682,4
FN:682,SettlementEngine.distributeRevenueToVault
FNDA:4,SettlementEngine.distributeRevenueToVault
DA:688,3
BRDA:688,24,0,1
DA:689,2
DA:691,2
BRDA:691,25,0,-
DA:692,2
BRDA:692,26,0,1
DA:693,1
BRDA:693,27,0,-
DA:696,1
DA:697,1
DA:698,1
DA:701,1
DA:704,1
DA:707,1
BRDA:707,28,0,1
DA:708,1
DA:712,1
DA:715,1
DA:717,1
DA:719,1
BRDA:719,29,0,-
DA:726,1
DA:729,1
BRDA:729,30,0,-
DA:732,1
DA:735,1
DA:737,1
DA:748,1
FN:748,SettlementEngine.getEpochFees
FNDA:1,SettlementEngine.getEpochFees
DA:749,1
DA:757,4
FN:757,SettlementEngine.pause
FNDA:4,SettlementEngine.pause
DA:758,4
DA:766,2
FN:766,SettlementEngine.unpause
FNDA:2,SettlementEngine.unpause
DA:767,2
DA:777,6
FN:777,SettlementEngine.updateSystemFee
FNDA:6,SettlementEngine.updateSystemFee
DA:778,5
BRDA:778,31,0,2
DA:780,3
DA:781,3
DA:783,3
DA:792,4
FN:792,SettlementEngine.updateTreasury
FNDA:4,SettlementEngine.updateTreasury
DA:793,3
BRDA:793,32,0,1
DA:795,2
DA:796,2
DA:798,2
DA:807,4
FN:807,SettlementEngine.updateZapper
FNDA:4,SettlementEngine.updateZapper
DA:808,3
BRDA:808,33,0,1
DA:810,2
DA:811,2
DA:813,2
FNF:19
FNH:19
LF:125
LH:120
BRF:34
BRH:21
end_of_record
TN:
SF:contracts/Silo.sol
DA:25,132
FN:25,Silo.constructor
FNDA:132,Silo.constructor
DA:26,132
FNF:1
FNH:1
LF:2
LH:2
BRF:0
BRH:0
end_of_record
TN:
SF:contracts/Zapper.sol
DA:255,14
FN:255,Zapper.whenEpochActive
FNDA:14,Zapper.whenEpochActive
DA:256,14
BRDA:256,0,0,-
BRDA:256,0,1,1
DA:261,132
FN:261,Zapper.constructor
FNDA:132,Zapper.constructor
DA:262,132
DA:278,132
FN:278,Zapper.initialize
FNDA:132,Zapper.initialize
DA:286,132
BRDA:286,1,0,-
BRDA:286,1,1,132
DA:287,132
BRDA:287,2,0,-
BRDA:287,2,1,132
DA:288,132
BRDA:288,3,0,-
BRDA:288,3,1,132
DA:289,132
BRDA:289,4,0,-
BRDA:289,4,1,132
DA:290,132
BRDA:290,5,0,-
BRDA:290,5,1,132
DA:291,132
BRDA:291,6,0,-
BRDA:291,6,1,132
DA:293,132
DA:294,132
DA:295,132
DA:296,132
DA:298,132
DA:300,132
DA:301,132
DA:302,132
DA:303,132
DA:304,132
DA:306,132
DA:307,132
DA:318,7
FN:318,Zapper._removePendingDeposit
FNDA:7,Zapper._removePendingDeposit
DA:320,7
DA:321,7
BRDA:321,7,0,7
DA:322,7
DA:325,7
DA:328,7
DA:342,7
FN:342,Zapper._removeUserDeposit
FNDA:7,Zapper._removeUserDeposit
DA:344,7
DA:347,7
DA:348,3
BRDA:348,8,0,3
DA:349,3
DA:352,3
DA:355,3
DA:368,26
FN:368,Zapper._recordDeposit
FNDA:26,Zapper._recordDeposit
DA:369,26
BRDA:369,9,0,-
BRDA:369,9,1,26
DA:371,26
DA:385,26
DA:386,26
DA:400,22
FN:400,Zapper._recordExternalDeposit
FNDA:22,Zapper._recordExternalDeposit
DA:404,22
BRDA:404,10,0,-
BRDA:404,10,1,22
DA:405,22
DA:406,22
DA:420,22
DA:421,22
DA:435,5
FN:435,Zapper._zapIn
FNDA:5,Zapper._zapIn
DA:436,5
DA:439,5
BRDA:439,11,0,-
DA:441,0
DA:445,5
BRDA:445,12,0,-
BRDA:445,12,1,5
DA:448,0
DA:451,5
BRDA:451,13,0,-
BRDA:451,13,1,5
DA:454,5
DA:456,5
DA:458,5
DA:472,5
FN:472,Zapper._tradeForToken
FNDA:5,Zapper._tradeForToken
DA:474,5
DA:477,5
BRDA:477,14,0,5
BRDA:477,14,1,-
DA:479,5
DA:482,0
DA:484,5
DA:487,5
DA:490,5
BRDA:490,15,0,5
DA:492,5
DA:493,5
DA:497,0
DA:499,0
DA:513,1
FN:513,Zapper._execPermit
FNDA:1,Zapper._execPermit
DA:514,1
DA:524,0
BRDA:524,16,0,-
DA:525,0
DA:536,27
FN:536,Zapper._processDeposit
FNDA:27,Zapper._processDeposit
DA:540,27
BRDA:540,17,0,22
BRDA:540,17,1,5
DA:541,22
DA:542,21
DA:544,5
DA:560,4
FN:560,Zapper.zapAndDepositWithPermit
FNDA:4,Zapper.zapAndDepositWithPermit
DA:568,4
BRDA:568,18,0,1
BRDA:568,18,1,3
DA:571,3
DA:573,3
BRDA:573,19,0,1
BRDA:573,19,1,1
DA:574,1
BRDA:574,20,0,1
DA:575,1
DA:579,2
BRDA:579,21,0,1
BRDA:579,21,1,1
DA:582,1
DA:583,1
DA:585,1
DA:599,25
FN:599,Zapper.zapAndDeposit
FNDA:25,Zapper.zapAndDeposit
DA:605,25
BRDA:605,22,0,2
BRDA:605,22,1,23
DA:608,23
DA:610,23
BRDA:610,23,0,1
DA:611,1
BRDA:611,24,0,1
BRDA:611,24,1,-
DA:614,22
DA:615,21
DA:617,21
DA:631,23
FN:631,Zapper.registerExternalDepositFor
FNDA:23,Zapper.registerExternalDepositFor
DA:637,22
BRDA:637,25,0,-
BRDA:637,25,1,22
DA:638,22
DA:639,22
DA:651,3
FN:651,Zapper.setDepositBeneficiary
FNDA:3,Zapper.setDepositBeneficiary
DA:656,2
BRDA:656,26,0,-
BRDA:656,26,1,2
DA:657,2
DA:658,2
BRDA:658,27,0,-
BRDA:658,27,1,2
DA:659,2
DA:670,6
FN:670,Zapper.withdrawDeposit
FNDA:6,Zapper.withdrawDeposit
DA:671,6
DA:673,6
BRDA:673,28,0,4
BRDA:673,28,1,2
DA:674,2
BRDA:674,29,0,-
BRDA:674,29,1,2
DA:675,2
BRDA:675,30,0,1
BRDA:675,30,1,1
DA:677,1
DA:679,1
DA:680,1
DA:683,1
BRDA:683,31,0,-
BRDA:683,31,1,1
DA:684,1
DA:686,1
DA:697,4
FN:697,Zapper.withdrawAllDeposits
FNDA:4,Zapper.withdrawAllDeposits
DA:698,4
DA:699,4
BRDA:699,32,0,2
BRDA:699,32,1,2
DA:702,2
DA:703,2
DA:706,2
DA:707,2
DA:708,2
DA:710,2
BRDA:710,33,0,1
DA:711,1
DA:712,1
DA:713,1
DA:717,2
BRDA:717,34,0,1
BRDA:717,34,1,1
DA:718,1
BRDA:718,35,0,-
BRDA:718,35,1,1
DA:721,1
DA:722,1
DA:723,1
DA:727,1
DA:728,1
DA:732,1
DA:734,1
DA:746,14
FN:746,Zapper.approveDeposit
FNDA:14,Zapper.approveDeposit
DA:752,13
DA:754,13
BRDA:754,36,0,2
BRDA:754,36,1,11
DA:755,11
BRDA:755,37,0,-
BRDA:755,37,1,11
DA:756,11
BRDA:756,38,0,1
BRDA:756,38,1,10
DA:757,10
BRDA:757,39,0,1
BRDA:757,39,1,9
DA:759,9
DA:760,9
DA:762,9
DA:775,6
FN:775,Zapper.approveExternalDepositWithPrice
FNDA:6,Zapper.approveExternalDepositWithPrice
DA:781,5
DA:782,5
BRDA:782,40,0,-
BRDA:782,40,1,5
DA:783,5
BRDA:783,41,0,-
BRDA:783,41,1,5
DA:784,5
BRDA:784,42,0,-
BRDA:784,42,1,5
DA:785,5
BRDA:785,43,0,-
BRDA:785,43,1,5
DA:786,5
BRDA:786,44,0,-
BRDA:786,44,1,5
DA:787,5
BRDA:787,45,0,1
BRDA:787,45,1,4
DA:789,4
DA:790,4
DA:791,4
DA:793,4
DA:795,4
DA:806,4
FN:806,Zapper.declineDeposit
FNDA:4,Zapper.declineDeposit
DA:813,3
DA:815,3
BRDA:815,46,0,1
BRDA:815,46,1,2
DA:816,2
BRDA:816,47,0,1
BRDA:816,47,1,1
DA:818,1
DA:819,1
DA:822,1
DA:823,1
DA:826,1
BRDA:826,48,0,-
BRDA:826,48,1,1
DA:827,1
DA:829,1
DA:840,4
FN:840,Zapper.approveDepositsProportionally
FNDA:4,Zapper.approveDepositsProportionally
DA:846,4
BRDA:846,49,0,1
BRDA:846,49,1,3
DA:847,3
BRDA:847,50,0,1
BRDA:847,50,1,2
DA:850,2
DA:851,2
DA:853,2
DA:854,3
DA:855,3
BRDA:855,51,0,3
DA:856,3
DA:857,3
DA:861,2
BRDA:861,52,0,-
BRDA:861,52,1,2
DA:862,2
BRDA:862,53,0,1
BRDA:862,53,1,1
DA:865,1
DA:867,1
DA:868,1
DA:871,1
DA:872,2
DA:873,2
DA:875,2
BRDA:875,54,0,2
DA:876,2
DA:877,2
BRDA:877,55,0,2
DA:878,2
DA:879,2
DA:880,2
DA:885,1
DA:897,4
FN:897,Zapper.approveAllDeposits
FNDA:4,Zapper.approveAllDeposits
DA:904,3
BRDA:904,56,0,-
BRDA:904,56,1,3
DA:906,3
DA:909,3
DA:910,4
DA:911,4
DA:913,4
BRDA:913,57,0,4
DA:914,4
DA:915,4
DA:916,4
DA:917,4
DA:919,4
DA:923,3
BRDA:923,58,0,-
BRDA:923,58,1,3
DA:925,3
DA:933,10
FN:933,Zapper.claimDeposit
FNDA:10,Zapper.claimDeposit
DA:934,11
DA:938,11
DA:939,4
BRDA:939,59,0,4
BRDA:939,59,1,6
DA:940,4
BRDA:940,60,0,1
BRDA:940,60,1,3
DA:942,7
BRDA:942,61,0,1
BRDA:942,61,1,6
DA:945,9
BRDA:945,62,0,1
BRDA:945,62,1,8
DA:946,8
BRDA:946,63,0,-
BRDA:946,63,1,8
DA:949,8
DA:950,8
DA:951,8
DA:954,8
DA:957,8
DA:958,3
BRDA:958,64,0,3
BRDA:958,64,1,4
DA:960,3
BRDA:960,65,0,1
BRDA:960,65,1,2
DA:961,2
DA:964,5
DA:965,5
BRDA:965,66,0,1
BRDA:965,66,1,4
DA:966,4
DA:972,6
DA:973,6
BRDA:973,67,0,3
DA:975,3
DA:979,3
BRDA:979,68,0,3
DA:982,2
BRDA:982,68,1,2
DA:983,2
DA:988,4
DA:989,4
DA:990,4
DA:993,4
DA:996,2
BRDA:996,69,0,2
DA:997,2
DA:1001,4
BRDA:1001,70,0,4
BRDA:1001,70,1,-
DA:1003,4
DA:1004,4
DA:1006,0
DA:1007,0
DA:1008,0
DA:1017,1
FN:1017,Zapper.claimAllDeposits
FNDA:1,Zapper.claimAllDeposits
DA:1018,1
DA:1021,1
DA:1022,1
DA:1024,1
BRDA:1024,71,0,1
DA:1025,1
DA:1028,1
DA:1029,1
DA:1032,1
DA:1033,1
DA:1034,1
BRDA:1034,72,0,1
DA:1036,1
DA:1037,1
DA:1054,2
FN:1054,Zapper.withdraw
FNDA:2,Zapper.withdraw
DA:1055,2
BRDA:1055,73,0,1
BRDA:1055,73,1,1
DA:1057,1
DA:1059,1
DA:1071,20
FN:1071,Zapper.redeem
FNDA:20,Zapper.redeem
DA:1072,20
BRDA:1072,74,0,1
BRDA:1072,74,1,19
DA:1074,19
DA:1075,19
BRDA:1075,75,0,2
BRDA:1075,75,1,17
DA:1077,17
DA:1079,17
DA:1081,17
DA:1083,17
DA:1084,17
BRDA:1084,76,0,1
BRDA:1084,76,1,16
DA:1087,16
DA:1090,16
DA:1091,16
DA:1093,16
DA:1095,16
BRDA:1095,77,0,-
BRDA:1095,77,1,16
DA:1097,16
DA:1099,16
DA:1110,1
FN:1110,Zapper.getCopperPrice
FNDA:1,Zapper.getCopperPrice
DA:1111,23
DA:1123,17
FN:1123,Zapper.getDeposit
FNDA:17,Zapper.getDeposit
DA:1124,17
DA:1135,3
FN:1135,Zapper.getPendingDepositIds
FNDA:3,Zapper.getPendingDepositIds
DA:1136,3
DA:1147,1
FN:1147,Zapper.getPendingDeposits
FNDA:1,Zapper.getPendingDeposits
DA:1149,1
DA:1150,1
DA:1151,1
DA:1152,1
BRDA:1152,78,0,1
DA:1153,1
DA:1158,1
DA:1159,1
DA:1162,1
DA:1163,1
DA:1164,1
DA:1166,1
BRDA:1166,79,0,1
DA:1167,1
DA:1168,1
DA:1176,1
FN:1176,Zapper.getUserDepositIds
FNDA:1,Zapper.getUserDepositIds
DA:1177,1
DA:1183,1
FN:1183,Zapper.getUserDeposits
FNDA:1,Zapper.getUserDeposits
DA:1184,1
DA:1185,1
DA:1187,1
DA:1188,1
DA:1191,1
DA:1198,1
FN:1198,Zapper.getTotalPendingAmount
FNDA:1,Zapper.getTotalPendingAmount
DA:1199,1
DA:1200,2
DA:1201,2
BRDA:1201,80,0,2
DA:1202,2
DA:1210,7
FN:1210,Zapper.pause
FNDA:7,Zapper.pause
DA:1211,7
DA:1217,2
FN:1217,Zapper.unpause
FNDA:2,Zapper.unpause
DA:1218,2
DA:1225,1
FN:1225,Zapper.router
FNDA:1,Zapper.router
DA:1226,27
DA:1233,1
FN:1233,Zapper.usdc
FNDA:1,Zapper.usdc
DA:1234,6
DA:1241,130
FN:1241,Zapper.silo
FNDA:130,Zapper.silo
DA:1242,137
DA:1251,4
FN:1251,Zapper.receive
FNDA:4,Zapper.receive
DA:1252,4
BRDA:1252,81,0,1
BRDA:1252,81,1,3
DA:1253,3
DA:1254,3
DA:1255,3
DA:1256,3
DA:1257,3
DA:1266,2
FN:1266,Zapper.fallback
FNDA:2,Zapper.fallback
DA:1267,2
BRDA:1267,82,0,1
DA:1268,1
DA:1269,1
DA:1270,1
DA:1271,1
DA:1272,1
DA:1276,19
FN:1276,Zapper.requestRedeem
FNDA:19,Zapper.requestRedeem
DA:1277,18
DA:1280,14
FN:1280,Zapper.approveRedeem
FNDA:14,Zapper.approveRedeem
DA:1281,12
DA:1284,11
FN:1284,Zapper.claimRedeem
FNDA:11,Zapper.claimRedeem
DA:1285,10
DA:1295,12
FN:1295,Zapper.setRedeemCommission
FNDA:12,Zapper.setRedeemCommission
DA:1296,11
BRDA:1296,83,0,1
BRDA:1296,83,1,10
DA:1297,10
DA:1298,10
DA:1305,7
FN:1305,Zapper.getRedeemCommission
FNDA:7,Zapper.getRedeemCommission
DA:1306,7
FNF:45
FNH:45
LF:348
LH:338
BRF:148
BRH:114
end_of_record
TN:
SF:contracts/libraries/RedeemLib.sol
DA:50,18
FN:50,RedeemLib.requestRedeem
FNDA:18,RedeemLib.requestRedeem
DA:54,18
BRDA:54,0,0,-
DA:55,18
BRDA:55,1,0,1
DA:57,17
DA:59,17
DA:60,17
BRDA:60,2,0,-
DA:62,17
DA:64,17
DA:70,12
FN:70,RedeemLib.approveRedeem
FNDA:12,RedeemLib.approveRedeem
DA:73,12
DA:74,12
BRDA:74,3,0,1
DA:75,1
BRDA:75,4,0,1
DA:76,0
BRDA:76,5,0,-
DA:78,10
DA:79,10
DA:81,10
DA:97,10
FN:97,RedeemLib.claimRedeem
FNDA:10,RedeemLib.claimRedeem
DA:107,10
DA:108,10
BRDA:108,6,0,1
DA:109,1
BRDA:109,7,0,1
DA:110,8
BRDA:110,8,0,1
DA:111,7
BRDA:111,9,0,1
DA:113,6
DA:115,6
DA:116,6
BRDA:116,10,0,-
DA:119,6
DA:120,6
BRDA:120,11,0,1
DA:123,5
DA:126,5
DA:127,5
DA:130,5
DA:131,5
BRDA:131,12,0,-
BRDA:131,12,1,5
DA:132,5
DA:133,5
BRDA:133,13,0,1
DA:136,4
DA:139,4
DA:141,3
BRDA:141,14,0,-
DA:144,3
DA:146,3
DA:148,3
DA:154,0
FN:154,RedeemLib.getRedeem
FNDA:0,RedeemLib.getRedeem
DA:159,0
FNF:4
FNH:3
LF:42
LH:39
BRF:16
BRH:10
end_of_record
TN:
SF:contracts/mock/CopperPriceConsumerMock.sol
DA:44,0
FN:44,CopperPriceConsumerMock.constructor
FNDA:0,CopperPriceConsumerMock.constructor
DA:45,0
DA:55,0
FN:55,CopperPriceConsumerMock.requestCopperPrice
FNDA:0,CopperPriceConsumerMock.requestCopperPrice
DA:57,0
DA:58,0
DA:59,0
DA:62,0
DA:73,0
FN:73,CopperPriceConsumerMock.fulfill
FNDA:0,CopperPriceConsumerMock.fulfill
DA:74,0
DA:75,0
DA:76,0
DA:86,0
FN:86,CopperPriceConsumerMock.getPriceAsDecimal
FNDA:0,CopperPriceConsumerMock.getPriceAsDecimal
DA:87,0
DA:99,0
FN:99,CopperPriceConsumerMock.updatePrice
FNDA:0,CopperPriceConsumerMock.updatePrice
DA:100,0
DA:101,0
DA:102,0
DA:113,0
FN:113,CopperPriceConsumerMock.setOracleConfig
FNDA:0,CopperPriceConsumerMock.setOracleConfig
DA:114,0
DA:115,0
DA:116,0
DA:127,0
FN:127,CopperPriceConsumerMock.getOracleConfig
FNDA:0,CopperPriceConsumerMock.getOracleConfig
DA:128,0
FNF:7
FNH:0
LF:23
LH:0
BRF:0
BRH:0
end_of_record
TN:
SF:contracts/mock/ERC20Mock.sol
DA:9,0
FN:9,ERC20Mock.constructor
FNDA:0,ERC20Mock.constructor
DA:10,0
DA:13,0
FN:13,ERC20Mock.mint
FNDA:0,ERC20Mock.mint
DA:14,0
DA:17,0
FN:17,ERC20Mock.burn
FNDA:0,ERC20Mock.burn
DA:18,0
DA:21,0
FN:21,ERC20Mock.decimals
FNDA:0,ERC20Mock.decimals
DA:22,0
FNF:4
FNH:0
LF:8
LH:0
BRF:0
BRH:0
end_of_record
TN:
SF:contracts/xCUP.sol
DA:96,220
FN:96,xCUP.constructor
FNDA:220,xCUP.constructor
DA:97,220
DA:123,220
FN:123,xCUP.initialize
FNDA:220,xCUP.initialize
DA:132,220
BRDA:132,0,0,1
DA:133,219
BRDA:133,1,0,1
DA:134,218
BRDA:134,2,0,1
DA:135,217
BRDA:135,3,0,1
DA:136,216
BRDA:136,4,0,1
DA:139,215
DA:140,215
DA:141,215
DA:142,215
DA:143,215
DA:144,215
DA:147,215
DA:150,215
DA:151,215
DA:152,215
DA:153,215
DA:155,215
DA:157,215
DA:177,3
FN:177,xCUP.withdraw
FNDA:3,xCUP.withdraw
DA:185,2
DA:205,25
FN:205,xCUP.redeem
FNDA:25,xCUP.redeem
DA:213,24
DA:225,4
FN:225,xCUP.pause
FNDA:4,xCUP.pause
DA:226,3
DA:237,2
FN:237,xCUP.unpause
FNDA:2,xCUP.unpause
DA:238,1
DA:247,2
FN:247,xCUP.decimals
FNDA:2,xCUP.decimals
DA:248,2
DA:256,2
FN:256,xCUP.priceContractsInitialized
FNDA:2,xCUP.priceContractsInitialized
DA:258,2
DA:259,2
DA:260,0
BRDA:260,5,0,-
DA:261,0
DA:272,1
FN:272,xCUP.getCopperPrice
FNDA:1,xCUP.getCopperPrice
DA:273,3
DA:288,3
FN:288,xCUP.setCopperPriceConsumer
FNDA:3,xCUP.setCopperPriceConsumer
DA:289,2
BRDA:289,6,0,1
DA:291,1
DA:292,1
DA:294,1
DA:313,2
FN:313,xCUP.getXcupPriceInToken
FNDA:2,xCUP.getXcupPriceInToken
DA:319,2
BRDA:319,7,0,1
DA:321,1
DA:323,1
DA:324,1
BRDA:324,8,0,-
DA:327,1
DA:329,1
DA:330,1
DA:332,1
BRDA:332,9,0,1
BRDA:332,9,1,-
DA:333,1
DA:336,0
DA:337,0
DA:338,0
DA:340,0
DA:341,0
DA:351,2
FN:351,xCUP.getTokenToXcupExchangeRate
FNDA:2,xCUP.getTokenToXcupExchangeRate
DA:357,2
BRDA:357,10,0,1
BRDA:357,10,1,1
DA:359,1
DA:360,1
DA:362,1
BRDA:362,11,0,1
BRDA:362,11,1,-
DA:363,1
DA:366,0
DA:367,0
DA:368,0
DA:370,0
DA:371,0
DA:375,1
DA:376,1
BRDA:376,12,0,-
BRDA:376,12,1,1
DA:378,1
DA:381,1
DA:384,1
DA:391,3
FN:391,xCUP.setUniswapRouter
FNDA:3,xCUP.setUniswapRouter
DA:392,2
BRDA:392,13,0,1
BRDA:392,13,1,1
DA:393,1
DA:394,1
DA:395,1
DA:402,3
FN:402,xCUP.setUsdcToken
FNDA:3,xCUP.setUsdcToken
DA:403,2
BRDA:403,14,0,1
BRDA:403,14,1,1
DA:404,1
DA:405,1
DA:406,1
DA:413,3
FN:413,xCUP.setWethToken
FNDA:3,xCUP.setWethToken
DA:414,2
BRDA:414,15,0,1
BRDA:414,15,1,1
DA:415,1
DA:416,1
DA:417,1
FNF:15
FNH:15
LF:89
LH:77
BRF:23
BRH:18
end_of_record
TN:
SF:test/HostAdapter.t.sol
DA:18,0
FN:18,MockCopperPriceConsumer.requestCopperPrice
FNDA:0,MockCopperPriceConsumer.requestCopperPrice
DA:19,0
DA:22,0
FN:22,MockCopperPriceConsumer.fulfill
FNDA:0,MockCopperPriceConsumer.fulfill
DA:23,0
DA:26,0
FN:26,MockCopperPriceConsumer.getPriceAsDecimal
FNDA:0,MockCopperPriceConsumer.getPriceAsDecimal
DA:27,0
DA:30,0
FN:30,MockCopperPriceConsumer.updatePrice
FNDA:0,MockCopperPriceConsumer.updatePrice
DA:31,0
DA:39,0
FN:39,MockUSDC.decimals
FNDA:0,MockUSDC.decimals
DA:40,0
DA:43,17
FN:43,MockUSDC.mint
FNDA:17,MockUSDC.mint
DA:44,17
DA:47,0
FN:47,MockUSDC.transfer
FNDA:0,MockUSDC.transfer
DA:48,0
DA:49,0
DA:50,0
DA:53,17
FN:53,MockUSDC.approve
FNDA:17,MockUSDC.approve
DA:54,17
DA:55,17
DA:60,0
FN:60,MockUniswapRouter.WETH
FNDA:0,MockUniswapRouter.WETH
DA:61,0
DA:64,0
FN:64,MockUniswapRouter.getAmountsOut
FNDA:0,MockUniswapRouter.getAmountsOut
DA:65,0
DA:66,0
DA:67,0
FNF:10
FNH:2
LF:25
LH:5
BRF:0
BRH:0
end_of_record
TN:
SF:test/SettlementEngine.t.sol
DA:17,0
FN:17,MockCopperPriceConsumer.requestCopperPrice
FNDA:0,MockCopperPriceConsumer.requestCopperPrice
DA:18,0
DA:21,0
FN:21,MockCopperPriceConsumer.fulfill
FNDA:0,MockCopperPriceConsumer.fulfill
DA:22,0
DA:25,1
FN:25,MockCopperPriceConsumer.getPriceAsDecimal
FNDA:1,MockCopperPriceConsumer.getPriceAsDecimal
DA:26,1
DA:29,0
FN:29,MockCopperPriceConsumer.updatePrice
FNDA:0,MockCopperPriceConsumer.updatePrice
DA:30,0
DA:38,0
FN:38,MockUSDC.decimals
FNDA:0,MockUSDC.decimals
DA:39,0
DA:42,1
FN:42,MockUSDC.mint
FNDA:1,MockUSDC.mint
DA:43,1
DA:46,2
FN:46,MockUSDC.transfer
FNDA:2,MockUSDC.transfer
DA:47,2
DA:48,2
DA:49,2
DA:52,1
FN:52,MockUSDC.transferFrom
FNDA:1,MockUSDC.transferFrom
DA:53,1
BRDA:53,0,0,-
DA:54,0
DA:56,1
DA:57,1
DA:58,1
DA:59,1
DA:62,1
FN:62,MockUSDC.approve
FNDA:1,MockUSDC.approve
DA:63,1
DA:64,1
DA:69,0
FN:69,MockUniswapRouter.WETH
FNDA:0,MockUniswapRouter.WETH
DA:70,0
DA:73,0
FN:73,MockUniswapRouter.getAmountsOut
FNDA:0,MockUniswapRouter.getAmountsOut
DA:74,0
DA:75,0
DA:76,0
FNF:11
FNH:5
LF:32
LH:17
BRF:1
BRH:0
end_of_record
TN:
SF:test/Zapper.t.sol
DA:18,0
FN:18,MockCopperPriceConsumer.requestCopperPrice
FNDA:0,MockCopperPriceConsumer.requestCopperPrice
DA:19,0
DA:22,0
FN:22,MockCopperPriceConsumer.fulfill
FNDA:0,MockCopperPriceConsumer.fulfill
DA:23,0
DA:26,0
FN:26,MockCopperPriceConsumer.getPriceAsDecimal
FNDA:0,MockCopperPriceConsumer.getPriceAsDecimal
DA:27,0
DA:30,0
FN:30,MockCopperPriceConsumer.updatePrice
FNDA:0,MockCopperPriceConsumer.updatePrice
DA:31,0
DA:39,0
FN:39,MockUSDC.decimals
FNDA:0,MockUSDC.decimals
DA:40,0
DA:43,0
FN:43,MockUSDC.totalSupply
FNDA:0,MockUSDC.totalSupply
DA:44,0
DA:47,473
FN:47,MockUSDC.mint
FNDA:473,MockUSDC.mint
DA:48,473
DA:51,20
FN:51,MockUSDC.transfer
FNDA:20,MockUSDC.transfer
DA:52,20
DA:53,20
DA:54,20
DA:57,136
FN:57,MockUSDC.approve
FNDA:136,MockUSDC.approve
DA:58,136
DA:59,136
DA:62,46
FN:62,MockUSDC.transferFrom
FNDA:46,MockUSDC.transferFrom
DA:63,46
BRDA:63,0,0,2
BRDA:63,0,1,44
DA:64,44
BRDA:64,1,0,-
BRDA:64,1,1,44
DA:66,44
DA:67,44
DA:68,44
DA:70,44
DA:75,5
FN:75,MockUniswapRouter.WETH
FNDA:5,MockUniswapRouter.WETH
DA:76,5
DA:79,5
FN:79,MockUniswapRouter.getAmountsOut
FNDA:5,MockUniswapRouter.getAmountsOut
DA:80,5
DA:81,5
DA:82,5
DA:85,5
FN:85,MockUniswapRouter.swapExactETHForTokens
FNDA:5,MockUniswapRouter.swapExactETHForTokens
DA:92,5
DA:93,5
DA:94,5
DA:97,0
FN:97,MockUniswapRouter.swapExactTokensForTokens
FNDA:0,MockUniswapRouter.swapExactTokensForTokens
DA:105,0
DA:106,0
DA:107,0
FNF:14
FNH:7
LF:42
LH:26
BRF:4
BRH:3
end_of_record
TN:
SF:test/xCUP.t.sol
DA:16,0
FN:16,MockCopperPriceConsumer.requestCopperPrice
FNDA:0,MockCopperPriceConsumer.requestCopperPrice
DA:17,0
DA:20,0
FN:20,MockCopperPriceConsumer.fulfill
FNDA:0,MockCopperPriceConsumer.fulfill
DA:21,0
DA:24,0
FN:24,MockCopperPriceConsumer.getPriceAsDecimal
FNDA:0,MockCopperPriceConsumer.getPriceAsDecimal
DA:25,0
DA:28,0
FN:28,MockCopperPriceConsumer.updatePrice
FNDA:0,MockCopperPriceConsumer.updatePrice
DA:29,0
DA:34,0
FN:34,MockUSDC.decimals
FNDA:0,MockUSDC.decimals
DA:35,0
DA:40,0
FN:40,MockUniswapRouter.WETH
FNDA:0,MockUniswapRouter.WETH
DA:41,0
DA:44,0
FN:44,MockUniswapRouter.getAmountsOut
FNDA:0,MockUniswapRouter.getAmountsOut
DA:45,0
DA:46,0
DA:47,0
DA:50,0
FN:50,MockUniswapRouter.swapExactTokensForTokens
FNDA:0,MockUniswapRouter.swapExactTokensForTokens
DA:57,0
DA:58,0
DA:59,0
DA:62,0
FN:62,MockUniswapRouter.swapExactETHForTokens
FNDA:0,MockUniswapRouter.swapExactETHForTokens
DA:68,0
DA:69,0
DA:70,0
DA:73,0
FN:73,MockUniswapRouter.addLiquidity
FNDA:0,MockUniswapRouter.addLiquidity
DA:83,0
DA:86,0
FN:86,MockUniswapRouter.removeLiquidity
FNDA:0,MockUniswapRouter.removeLiquidity
DA:95,0
DA:98,0
FN:98,MockUniswapRouter.swapExactTokensForETH
FNDA:0,MockUniswapRouter.swapExactTokensForETH
DA:105,0
DA:106,0
DA:107,0
DA:110,0
FN:110,MockUniswapRouter.swapETHForExactTokens
FNDA:0,MockUniswapRouter.swapETHForExactTokens
DA:116,0
DA:117,0
DA:118,0
DA:121,0
FN:121,MockUniswapRouter.getAmountIn
FNDA:0,MockUniswapRouter.getAmountIn
DA:126,0
DA:129,0
FN:129,MockUniswapRouter.getAmountOut
FNDA:0,MockUniswapRouter.getAmountOut
DA:134,0
DA:137,0
FN:137,MockUniswapRouter.removeLiquidityETH
FNDA:0,MockUniswapRouter.removeLiquidityETH
DA:145,0
DA:148,0
FN:148,MockUniswapRouter.removeLiquidityETHSupportingFeeOnTransferTokens
FNDA:0,MockUniswapRouter.removeLiquidityETHSupportingFeeOnTransferTokens
DA:156,0
DA:159,0
FN:159,MockUniswapRouter.removeLiquidityETHWithPermit
FNDA:0,MockUniswapRouter.removeLiquidityETHWithPermit
DA:171,0
DA:174,0
FN:174,MockUniswapRouter.removeLiquidityETHWithPermitSupportingFeeOnTransferTokens
FNDA:0,MockUniswapRouter.removeLiquidityETHWithPermitSupportingFeeOnTransferTokens
DA:186,0
DA:189,0
FN:189,MockUniswapRouter.swapExactTokensForTokensSupportingFeeOnTransferTokens
FNDA:0,MockUniswapRouter.swapExactTokensForTokensSupportingFeeOnTransferTokens
DA:197,0
FN:197,MockUniswapRouter.swapExactETHForTokensSupportingFeeOnTransferTokens
FNDA:0,MockUniswapRouter.swapExactETHForTokensSupportingFeeOnTransferTokens
DA:204,0
FN:204,MockUniswapRouter.swapExactTokensForETHSupportingFeeOnTransferTokens
FNDA:0,MockUniswapRouter.swapExactTokensForETHSupportingFeeOnTransferTokens
DA:212,0
FN:212,MockUniswapRouter.factory
FNDA:0,MockUniswapRouter.factory
DA:213,0
DA:216,0
FN:216,MockUniswapRouter.addLiquidityETH
FNDA:0,MockUniswapRouter.addLiquidityETH
DA:224,0
DA:227,0
FN:227,MockUniswapRouter.getAmountsIn
FNDA:0,MockUniswapRouter.getAmountsIn
DA:228,0
DA:229,0
DA:230,0
DA:233,0
FN:233,MockUniswapRouter.quote
FNDA:0,MockUniswapRouter.quote
DA:234,0
DA:237,0
FN:237,MockUniswapRouter.removeLiquidityWithPermit
FNDA:0,MockUniswapRouter.removeLiquidityWithPermit
DA:250,0
DA:253,0
FN:253,MockUniswapRouter.swapTokensForExactETH
FNDA:0,MockUniswapRouter.swapTokensForExactETH
DA:260,0
DA:261,0
DA:262,0
DA:265,0
FN:265,MockUniswapRouter.swapTokensForExactTokens
FNDA:0,MockUniswapRouter.swapTokensForExactTokens
DA:272,0
DA:273,0
DA:274,0
FNF:29
FNH:0
LF:71
LH:0
BRF:0
BRH:0
end_of_record
